<?xml version="1.0" encoding="UTF-8"?>
<!-- Generated by org.testng.reporters.JUnitReportReporter -->
<testsuite hostname="MEHFOOZ-PC" failures="0" tests="7" name="moduleNameTestng.ClassA" time="0.047" errors="0" timestamp="2022-11-08T10:54:52 IST" skipped="1">
  <testcase classname="moduleNameTestng.ClassA" name="demo1" time="0.006"/>
  <system-out/>
  <testcase classname="moduleNameTestng.ClassA" name="demo1" time="0.005"/>
  <system-out/>
  <testcase classname="moduleNameTestng.ClassA" name="demo1" time="0.018"/>
  <system-out/>
  <testcase classname="moduleNameTestng.ClassA" name="demo1" time="0.003"/>
  <system-out/>
  <testcase classname="moduleNameTestng.ClassA" name="demo1" time="0.013"/>
  <system-out/>
  <testcase classname="moduleNameTestng.ClassA" name="demo3" time="0.002"/>
  <system-out/>
  <testcase classname="moduleNameTestng.ClassA" name="demo2">
    <skipped/>
  </testcase> <!-- demo2 -->
  <system-out/>
</testsuite> <!-- moduleNameTestng.ClassA -->
