<?xml version="1.0" encoding="UTF-8"?>
<!-- Generated by org.testng.reporters.JUnitReportReporter -->
<testsuite hostname="MEHFOOZ-PC" failures="0" tests="5" name="moduleNameTestng.BuyAProductTest" time="0.020" errors="0" timestamp="2022-11-07T18:56:09 IST" skipped="0">
  <testcase classname="moduleNameTestng.BuyAProductTest" name="AddToTheKartTest" time="0.002"/>
  <system-out/>
  <testcase classname="moduleNameTestng.BuyAProductTest" name="PaymentTest" time="0.002"/>
  <system-out/>
  <testcase classname="moduleNameTestng.BuyAProductTest" name="loginTest" time="0.011"/>
  <system-out/>
  <testcase classname="moduleNameTestng.BuyAProductTest" name="searchForTheProductTest" time="0.003"/>
  <system-out/>
  <testcase classname="moduleNameTestng.BuyAProductTest" name="LogoutTest" time="0.002"/>
  <system-out/>
</testsuite> <!-- moduleNameTestng.BuyAProductTest -->
